

================================================================
== Vitis HLS Report for 'bnn'
================================================================
* Date:           Mon Dec 11 21:45:48 2023

* Version:        2023.1 (Build 3854077 on May  4 2023)
* Project:        bnn
* Solution:       solution1 (Vivado IP Flow Target)
* Product family: zynq
* Target device:  xc7z020-clg400-1


================================================================
== Performance Estimates
================================================================
+ Timing: 
    * Summary: 
    +--------+----------+----------+------------+
    |  Clock |  Target  | Estimated| Uncertainty|
    +--------+----------+----------+------------+
    |ap_clk  |  10.00 ns|  7.300 ns|     2.70 ns|
    +--------+----------+----------+------------+

+ Latency: 
    * Summary: 
    +---------+---------+-----------+-----------+-----+-----+----------+
    |  Latency (cycles) |   Latency (absolute)  |  Interval | Pipeline |
    |   min   |   max   |    min    |    max    | min | max |   Type   |
    +---------+---------+-----------+-----------+-----+-----+----------+
    |     1312|     1312|  13.120 us|  13.120 us|  670|  670|  dataflow|
    +---------+---------+-----------+-----------+-----+-----+----------+

    + Detail: 
        * Instance: 
        +------------------------------+---------------------------+---------+---------+----------+----------+-----+-----+---------+
        |                              |                           |  Latency (cycles) |  Latency (absolute) |  Interval | Pipeline|
        |           Instance           |           Module          |   min   |   max   |    min   |    max   | min | max |   Type  |
        +------------------------------+---------------------------+---------+---------+----------+----------+-----+-----+---------+
        |entry_proc_U0                 |entry_proc                 |        0|        0|      0 ns|      0 ns|    0|    0|       no|
        |Loop_1_proc_U0                |Loop_1_proc                |       36|       36|  0.360 us|  0.360 us|   36|   36|       no|
        |matrix_mult_U0                |matrix_mult                |      150|      150|  1.500 us|  1.500 us|  150|  150|       no|
        |layer1_preprocessing_U0       |layer1_preprocessing       |      669|      669|  6.690 us|  6.690 us|  669|  669|       no|
        |matrix_mult_1_U0              |matrix_mult_1              |       72|       72|  0.720 us|  0.720 us|   72|   72|       no|
        |layer2_preprocessing_U0       |layer2_preprocessing       |      342|      342|  3.420 us|  3.420 us|  342|  342|       no|
        |matrix_mult_2_U0              |matrix_mult_2              |       17|       17|  0.170 us|  0.170 us|   17|   17|       no|
        |Loop_VITIS_LOOP_64_1_proc_U0  |Loop_VITIS_LOOP_64_1_proc  |       13|       13|  0.130 us|  0.130 us|   13|   13|       no|
        |Loop_3_proc_U0                |Loop_3_proc                |       19|       19|  0.190 us|  0.190 us|   19|   19|       no|
        +------------------------------+---------------------------+---------+---------+----------+----------+-----+-----+---------+

        * Loop: 
        N/A



================================================================
== Utilization Estimates
================================================================
* Summary: 
+-----------------+---------+-----+--------+-------+-----+
|       Name      | BRAM_18K| DSP |   FF   |  LUT  | URAM|
+-----------------+---------+-----+--------+-------+-----+
|DSP              |        -|    -|       -|      -|    -|
|Expression       |        -|    -|       0|     12|    -|
|FIFO             |        -|    -|     198|    134|    -|
|Instance         |      117|    -|    6419|  14895|    0|
|Memory           |        2|    -|     391|     35|    0|
|Multiplexer      |        -|    -|       -|     18|    -|
|Register         |        -|    -|       2|      -|    -|
+-----------------+---------+-----+--------+-------+-----+
|Total            |      119|    0|    7010|  15094|    0|
+-----------------+---------+-----+--------+-------+-----+
|Available        |      280|  220|  106400|  53200|    0|
+-----------------+---------+-----+--------+-------+-----+
|Utilization (%)  |       42|    0|       6|     28|    0|
+-----------------+---------+-----+--------+-------+-----+

+ Detail: 
    * Instance: 
    +------------------------------+---------------------------+---------+----+------+------+-----+
    |           Instance           |           Module          | BRAM_18K| DSP|  FF  |  LUT | URAM|
    +------------------------------+---------------------------+---------+----+------+------+-----+
    |Loop_1_proc_U0                |Loop_1_proc                |        0|   0|   257|   156|    0|
    |Loop_3_proc_U0                |Loop_3_proc                |        0|   0|   168|   168|    0|
    |Loop_VITIS_LOOP_64_1_proc_U0  |Loop_VITIS_LOOP_64_1_proc  |        0|   0|    16|    91|    0|
    |control_s_axi_U               |control_s_axi              |        0|   0|   176|   296|    0|
    |entry_proc_U0                 |entry_proc                 |        0|   0|     3|    29|    0|
    |input_r_m_axi_U               |input_r_m_axi              |        4|   0|   830|   734|    0|
    |layer1_preprocessing_U0       |layer1_preprocessing       |        1|   0|   234|   613|    0|
    |layer2_preprocessing_U0       |layer2_preprocessing       |        0|   0|   210|   611|    0|
    |matrix_mult_U0                |matrix_mult                |      104|   0|  2864|  9133|    0|
    |matrix_mult_1_U0              |matrix_mult_1              |        4|   0|   485|  1526|    0|
    |matrix_mult_2_U0              |matrix_mult_2              |        0|   0|   346|   804|    0|
    |output_r_m_axi_U              |output_r_m_axi             |        4|   0|   830|   734|    0|
    +------------------------------+---------------------------+---------+----+------+------+-----+
    |Total                         |                           |      117|   0|  6419| 14895|    0|
    +------------------------------+---------------------------+---------+----+------+------+-----+

    * DSP: 
    N/A

    * Memory: 
    +---------------+---------------------------+---------+-----+----+-----+------+-----+------+-------------+
    |     Memory    |           Module          | BRAM_18K|  FF | LUT| URAM| Words| Bits| Banks| W*Bits*Banks|
    +---------------+---------------------------+---------+-----+----+-----+------+-----+------+-------------+
    |IN_TEMP_U      |IN_TEMP_RAM_AUTO_1R1W      |        0|  128|  26|    0|    25|   32|     1|          800|
    |LAYER1_OUT_U   |LAYER1_OUT_RAM_AUTO_1R1W   |        0|  128|   4|    0|     4|   32|     1|          128|
    |LAYER1_TEMP_U  |LAYER1_TEMP_RAM_AUTO_1R1W  |        1|    0|   0|    0|   128|   11|     1|         1408|
    |LAYER2_OUT_U   |LAYER2_OUT_RAM_AUTO_1R1W   |        0|  128|   2|    0|     2|   32|     1|           64|
    |LAYER2_TEMP_U  |LAYER2_TEMP_RAM_AUTO_1R1W  |        1|    0|   0|    0|    64|    8|     1|          512|
    |LAYER3_TEMP_U  |LAYER3_TEMP_RAM_AUTO_1R1W  |        0|    7|   3|    0|    10|    7|     1|           70|
    +---------------+---------------------------+---------+-----+----+-----+------+-----+------+-------------+
    |Total          |                           |        2|  391|  35|    0|   233|  122|     6|         2982|
    +---------------+---------------------------+---------+-----+----+-----+------+-----+------+-------------+

    * FIFO: 
    +-----------+---------+----+----+-----+------+-----+---------+
    |    Name   | BRAM_18K| FF | LUT| URAM| Depth| Bits| Size:D*B|
    +-----------+---------+----+----+-----+------+-----+---------+
    |OUT_r_c_U  |        0|  99|   0|    -|     9|   64|      576|
    |TEMP3_U    |        0|  99|   0|    -|    10|    9|       90|
    +-----------+---------+----+----+-----+------+-----+---------+
    |Total      |        0| 198|   0|    0|    19|   73|      666|
    +-----------+---------+----+----+-----+------+-----+---------+

    * Expression: 
    +---------------------------------+----------+----+---+----+------------+------------+
    |          Variable Name          | Operation| DSP| FF| LUT| Bitwidth P0| Bitwidth P1|
    +---------------------------------+----------+----+---+----+------------+------------+
    |Loop_1_proc_U0_ap_start          |       and|   0|  0|   2|           1|           1|
    |ap_idle                          |       and|   0|  0|   2|           1|           1|
    |ap_sync_ready                    |       and|   0|  0|   2|           1|           1|
    |entry_proc_U0_ap_start           |       and|   0|  0|   2|           1|           1|
    |ap_sync_Loop_1_proc_U0_ap_ready  |        or|   0|  0|   2|           1|           1|
    |ap_sync_entry_proc_U0_ap_ready   |        or|   0|  0|   2|           1|           1|
    +---------------------------------+----------+----+---+----+------------+------------+
    |Total                            |          |   0|  0|  12|           6|           6|
    +---------------------------------+----------+----+---+----+------------+------------+

    * Multiplexer: 
    +-------------------------------------+----+-----------+-----+-----------+
    |                 Name                | LUT| Input Size| Bits| Total Bits|
    +-------------------------------------+----+-----------+-----+-----------+
    |ap_sync_reg_Loop_1_proc_U0_ap_ready  |   9|          2|    1|          2|
    |ap_sync_reg_entry_proc_U0_ap_ready   |   9|          2|    1|          2|
    +-------------------------------------+----+-----------+-----+-----------+
    |Total                                |  18|          4|    2|          4|
    +-------------------------------------+----+-----------+-----+-----------+

    * Register: 
    +-------------------------------------+---+----+-----+-----------+
    |                 Name                | FF| LUT| Bits| Const Bits|
    +-------------------------------------+---+----+-----+-----------+
    |ap_sync_reg_Loop_1_proc_U0_ap_ready  |  1|   0|    1|          0|
    |ap_sync_reg_entry_proc_U0_ap_ready   |  1|   0|    1|          0|
    +-------------------------------------+---+----+-----+-----------+
    |Total                                |  2|   0|    2|          0|
    +-------------------------------------+---+----+-----+-----------+



================================================================
== Interface
================================================================
* Summary: 
+-------------------------+-----+-----+------------+--------------+--------------+
|        RTL Ports        | Dir | Bits|  Protocol  | Source Object|    C Type    |
+-------------------------+-----+-----+------------+--------------+--------------+
|s_axi_control_AWVALID    |   in|    1|       s_axi|       control|        scalar|
|s_axi_control_AWREADY    |  out|    1|       s_axi|       control|        scalar|
|s_axi_control_AWADDR     |   in|    6|       s_axi|       control|        scalar|
|s_axi_control_WVALID     |   in|    1|       s_axi|       control|        scalar|
|s_axi_control_WREADY     |  out|    1|       s_axi|       control|        scalar|
|s_axi_control_WDATA      |   in|   32|       s_axi|       control|        scalar|
|s_axi_control_WSTRB      |   in|    4|       s_axi|       control|        scalar|
|s_axi_control_ARVALID    |   in|    1|       s_axi|       control|        scalar|
|s_axi_control_ARREADY    |  out|    1|       s_axi|       control|        scalar|
|s_axi_control_ARADDR     |   in|    6|       s_axi|       control|        scalar|
|s_axi_control_RVALID     |  out|    1|       s_axi|       control|        scalar|
|s_axi_control_RREADY     |   in|    1|       s_axi|       control|        scalar|
|s_axi_control_RDATA      |  out|   32|       s_axi|       control|        scalar|
|s_axi_control_RRESP      |  out|    2|       s_axi|       control|        scalar|
|s_axi_control_BVALID     |  out|    1|       s_axi|       control|        scalar|
|s_axi_control_BREADY     |   in|    1|       s_axi|       control|        scalar|
|s_axi_control_BRESP      |  out|    2|       s_axi|       control|        scalar|
|ap_clk                   |   in|    1|  ap_ctrl_hs|           bnn|  return value|
|ap_rst_n                 |   in|    1|  ap_ctrl_hs|           bnn|  return value|
|interrupt                |  out|    1|  ap_ctrl_hs|           bnn|  return value|
|m_axi_input_r_AWVALID    |  out|    1|       m_axi|       input_r|       pointer|
|m_axi_input_r_AWREADY    |   in|    1|       m_axi|       input_r|       pointer|
|m_axi_input_r_AWADDR     |  out|   64|       m_axi|       input_r|       pointer|
|m_axi_input_r_AWID       |  out|    1|       m_axi|       input_r|       pointer|
|m_axi_input_r_AWLEN      |  out|    8|       m_axi|       input_r|       pointer|
|m_axi_input_r_AWSIZE     |  out|    3|       m_axi|       input_r|       pointer|
|m_axi_input_r_AWBURST    |  out|    2|       m_axi|       input_r|       pointer|
|m_axi_input_r_AWLOCK     |  out|    2|       m_axi|       input_r|       pointer|
|m_axi_input_r_AWCACHE    |  out|    4|       m_axi|       input_r|       pointer|
|m_axi_input_r_AWPROT     |  out|    3|       m_axi|       input_r|       pointer|
|m_axi_input_r_AWQOS      |  out|    4|       m_axi|       input_r|       pointer|
|m_axi_input_r_AWREGION   |  out|    4|       m_axi|       input_r|       pointer|
|m_axi_input_r_AWUSER     |  out|    1|       m_axi|       input_r|       pointer|
|m_axi_input_r_WVALID     |  out|    1|       m_axi|       input_r|       pointer|
|m_axi_input_r_WREADY     |   in|    1|       m_axi|       input_r|       pointer|
|m_axi_input_r_WDATA      |  out|   32|       m_axi|       input_r|       pointer|
|m_axi_input_r_WSTRB      |  out|    4|       m_axi|       input_r|       pointer|
|m_axi_input_r_WLAST      |  out|    1|       m_axi|       input_r|       pointer|
|m_axi_input_r_WID        |  out|    1|       m_axi|       input_r|       pointer|
|m_axi_input_r_WUSER      |  out|    1|       m_axi|       input_r|       pointer|
|m_axi_input_r_ARVALID    |  out|    1|       m_axi|       input_r|       pointer|
|m_axi_input_r_ARREADY    |   in|    1|       m_axi|       input_r|       pointer|
|m_axi_input_r_ARADDR     |  out|   64|       m_axi|       input_r|       pointer|
|m_axi_input_r_ARID       |  out|    1|       m_axi|       input_r|       pointer|
|m_axi_input_r_ARLEN      |  out|    8|       m_axi|       input_r|       pointer|
|m_axi_input_r_ARSIZE     |  out|    3|       m_axi|       input_r|       pointer|
|m_axi_input_r_ARBURST    |  out|    2|       m_axi|       input_r|       pointer|
|m_axi_input_r_ARLOCK     |  out|    2|       m_axi|       input_r|       pointer|
|m_axi_input_r_ARCACHE    |  out|    4|       m_axi|       input_r|       pointer|
|m_axi_input_r_ARPROT     |  out|    3|       m_axi|       input_r|       pointer|
|m_axi_input_r_ARQOS      |  out|    4|       m_axi|       input_r|       pointer|
|m_axi_input_r_ARREGION   |  out|    4|       m_axi|       input_r|       pointer|
|m_axi_input_r_ARUSER     |  out|    1|       m_axi|       input_r|       pointer|
|m_axi_input_r_RVALID     |   in|    1|       m_axi|       input_r|       pointer|
|m_axi_input_r_RREADY     |  out|    1|       m_axi|       input_r|       pointer|
|m_axi_input_r_RDATA      |   in|   32|       m_axi|       input_r|       pointer|
|m_axi_input_r_RLAST      |   in|    1|       m_axi|       input_r|       pointer|
|m_axi_input_r_RID        |   in|    1|       m_axi|       input_r|       pointer|
|m_axi_input_r_RUSER      |   in|    1|       m_axi|       input_r|       pointer|
|m_axi_input_r_RRESP      |   in|    2|       m_axi|       input_r|       pointer|
|m_axi_input_r_BVALID     |   in|    1|       m_axi|       input_r|       pointer|
|m_axi_input_r_BREADY     |  out|    1|       m_axi|       input_r|       pointer|
|m_axi_input_r_BRESP      |   in|    2|       m_axi|       input_r|       pointer|
|m_axi_input_r_BID        |   in|    1|       m_axi|       input_r|       pointer|
|m_axi_input_r_BUSER      |   in|    1|       m_axi|       input_r|       pointer|
|m_axi_output_r_AWVALID   |  out|    1|       m_axi|      output_r|       pointer|
|m_axi_output_r_AWREADY   |   in|    1|       m_axi|      output_r|       pointer|
|m_axi_output_r_AWADDR    |  out|   64|       m_axi|      output_r|       pointer|
|m_axi_output_r_AWID      |  out|    1|       m_axi|      output_r|       pointer|
|m_axi_output_r_AWLEN     |  out|    8|       m_axi|      output_r|       pointer|
|m_axi_output_r_AWSIZE    |  out|    3|       m_axi|      output_r|       pointer|
|m_axi_output_r_AWBURST   |  out|    2|       m_axi|      output_r|       pointer|
|m_axi_output_r_AWLOCK    |  out|    2|       m_axi|      output_r|       pointer|
|m_axi_output_r_AWCACHE   |  out|    4|       m_axi|      output_r|       pointer|
|m_axi_output_r_AWPROT    |  out|    3|       m_axi|      output_r|       pointer|
|m_axi_output_r_AWQOS     |  out|    4|       m_axi|      output_r|       pointer|
|m_axi_output_r_AWREGION  |  out|    4|       m_axi|      output_r|       pointer|
|m_axi_output_r_AWUSER    |  out|    1|       m_axi|      output_r|       pointer|
|m_axi_output_r_WVALID    |  out|    1|       m_axi|      output_r|       pointer|
|m_axi_output_r_WREADY    |   in|    1|       m_axi|      output_r|       pointer|
|m_axi_output_r_WDATA     |  out|   32|       m_axi|      output_r|       pointer|
|m_axi_output_r_WSTRB     |  out|    4|       m_axi|      output_r|       pointer|
|m_axi_output_r_WLAST     |  out|    1|       m_axi|      output_r|       pointer|
|m_axi_output_r_WID       |  out|    1|       m_axi|      output_r|       pointer|
|m_axi_output_r_WUSER     |  out|    1|       m_axi|      output_r|       pointer|
|m_axi_output_r_ARVALID   |  out|    1|       m_axi|      output_r|       pointer|
|m_axi_output_r_ARREADY   |   in|    1|       m_axi|      output_r|       pointer|
|m_axi_output_r_ARADDR    |  out|   64|       m_axi|      output_r|       pointer|
|m_axi_output_r_ARID      |  out|    1|       m_axi|      output_r|       pointer|
|m_axi_output_r_ARLEN     |  out|    8|       m_axi|      output_r|       pointer|
|m_axi_output_r_ARSIZE    |  out|    3|       m_axi|      output_r|       pointer|
|m_axi_output_r_ARBURST   |  out|    2|       m_axi|      output_r|       pointer|
|m_axi_output_r_ARLOCK    |  out|    2|       m_axi|      output_r|       pointer|
|m_axi_output_r_ARCACHE   |  out|    4|       m_axi|      output_r|       pointer|
|m_axi_output_r_ARPROT    |  out|    3|       m_axi|      output_r|       pointer|
|m_axi_output_r_ARQOS     |  out|    4|       m_axi|      output_r|       pointer|
|m_axi_output_r_ARREGION  |  out|    4|       m_axi|      output_r|       pointer|
|m_axi_output_r_ARUSER    |  out|    1|       m_axi|      output_r|       pointer|
|m_axi_output_r_RVALID    |   in|    1|       m_axi|      output_r|       pointer|
|m_axi_output_r_RREADY    |  out|    1|       m_axi|      output_r|       pointer|
|m_axi_output_r_RDATA     |   in|   32|       m_axi|      output_r|       pointer|
|m_axi_output_r_RLAST     |   in|    1|       m_axi|      output_r|       pointer|
|m_axi_output_r_RID       |   in|    1|       m_axi|      output_r|       pointer|
|m_axi_output_r_RUSER     |   in|    1|       m_axi|      output_r|       pointer|
|m_axi_output_r_RRESP     |   in|    2|       m_axi|      output_r|       pointer|
|m_axi_output_r_BVALID    |   in|    1|       m_axi|      output_r|       pointer|
|m_axi_output_r_BREADY    |  out|    1|       m_axi|      output_r|       pointer|
|m_axi_output_r_BRESP     |   in|    2|       m_axi|      output_r|       pointer|
|m_axi_output_r_BID       |   in|    1|       m_axi|      output_r|       pointer|
|m_axi_output_r_BUSER     |   in|    1|       m_axi|      output_r|       pointer|
+-------------------------+-----+-----+------------+--------------+--------------+

