INFO: [HLS 200-10] Running 'B:/Programs/Vivado/2019.2/bin/unwrapped/win64.o/vivado_hls.exe'
INFO: [HLS 200-10] For user 'StevenD' on host 'stevend-pc' (Windows NT_amd64 version 6.1) on Sun Oct 18 16:15:12 -0700 2020
INFO: [HLS 200-10] In directory 'A:/documents/UCSD_MAS_program/Classes/WES237C/Project/project1/project1/fir128'
Sourcing Tcl script 'A:/documents/UCSD_MAS_program/Classes/WES237C/Project/project1/project1/fir128/baseline/fir128_optimized5_memory_partitioning/csynth.tcl'
INFO: [HLS 200-10] Opening project 'A:/documents/UCSD_MAS_program/Classes/WES237C/Project/project1/project1/fir128/baseline'.
INFO: [HLS 200-10] Adding design file 'fir.h' to the project
INFO: [HLS 200-10] Adding design file 'fir.cpp' to the project
INFO: [HLS 200-10] Adding test bench file 'input.dat' to the project
INFO: [HLS 200-10] Adding test bench file 'out.gold.dat' to the project
INFO: [HLS 200-10] Adding test bench file 'fir_test.cpp' to the project
INFO: [HLS 200-10] Opening solution 'A:/documents/UCSD_MAS_program/Classes/WES237C/Project/project1/project1/fir128/baseline/fir128_optimized5_memory_partitioning'.
INFO: [SYN 201-201] Setting up clock 'default' with a period of 10ns.
INFO: [HLS 200-10] Setting target device to 'xc7z020-clg400-1'
INFO: [SCHED 204-61] Option 'relax_ii_for_timing' is enabled, will increase II to preserve clock frequency constraints.
INFO: [HLS 200-10] Analyzing design file 'fir.cpp' ... 
INFO: [HLS 200-111] Finished Linking Time (s): cpu = 00:00:01 ; elapsed = 00:00:12 . Memory (MB): peak = 187.242 ; gain = 95.336
INFO: [HLS 200-111] Finished Checking Pragmas Time (s): cpu = 00:00:01 ; elapsed = 00:00:12 . Memory (MB): peak = 187.242 ; gain = 95.336
INFO: [HLS 200-10] Starting code transformations ...
INFO: [HLS 200-111] Finished Standard Transforms Time (s): cpu = 00:00:01 ; elapsed = 00:00:12 . Memory (MB): peak = 187.242 ; gain = 95.336
INFO: [HLS 200-10] Checking synthesizability ...
INFO: [HLS 200-111] Finished Checking Synthesizability Time (s): cpu = 00:00:01 ; elapsed = 00:00:12 . Memory (MB): peak = 187.242 ; gain = 95.336
INFO: [XFORM 203-501] Unrolling loop 'Loop-1' (fir.cpp:30) in function 'fir' partially with a factor of 8.
INFO: [XFORM 203-101] Partitioning array 'c'  in dimension 1 with a cyclic factor 8.
INFO: [XFORM 203-603] Inlining function 'aesl_mux_load.8[16 x i32]P.i32.i64' into 'fir' (fir.cpp:38).
INFO: [XFORM 203-603] Inlining function 'aesl_mux_load.8[16 x i32]P.i32.i64' into 'fir' (fir.cpp:38).
INFO: [XFORM 203-603] Inlining function 'aesl_mux_load.8[16 x i32]P.i32.i64' into 'fir' (fir.cpp:38).
INFO: [XFORM 203-603] Inlining function 'aesl_mux_load.8[16 x i32]P.i32.i64' into 'fir' (fir.cpp:38).
INFO: [XFORM 203-603] Inlining function 'aesl_mux_load.8[16 x i32]P.i32.i64' into 'fir' (fir.cpp:38).
INFO: [XFORM 203-603] Inlining function 'aesl_mux_load.8[16 x i32]P.i32.i64' into 'fir' (fir.cpp:38).
INFO: [XFORM 203-603] Inlining function 'aesl_mux_load.8[16 x i32]P.i32.i64' into 'fir' (fir.cpp:38).
INFO: [XFORM 203-603] Inlining function 'aesl_mux_load.8[16 x i32]P.i32.i64' into 'fir' (fir.cpp:38).
INFO: [XFORM 203-11] Balancing expressions in function 'fir' (fir.cpp:16)...8 expression(s) balanced.
INFO: [HLS 200-111] Finished Pre-synthesis Time (s): cpu = 00:00:01 ; elapsed = 00:00:13 . Memory (MB): peak = 187.242 ; gain = 95.336
INFO: [HLS 200-472] Inferring partial write operation for 'shift_reg' (fir.cpp:35:2)
INFO: [HLS 200-472] Inferring partial write operation for 'shift_reg' (fir.cpp:37:2)
INFO: [XFORM 203-531] Rewinding loop (fir.cpp:30) in function 'fir'.
WARNING: [XFORM 203-561] Ignored multiple trip count directives for loop 'Loop-0' in function 'fir'.
INFO: [HLS 200-111] Finished Architecture Synthesis Time (s): cpu = 00:00:02 ; elapsed = 00:00:13 . Memory (MB): peak = 187.242 ; gain = 95.336
INFO: [HLS 200-10] Starting hardware synthesis ...
INFO: [HLS 200-10] Synthesizing 'fir' ...
INFO: [HLS 200-10] ----------------------------------------------------------------
INFO: [HLS 200-42] -- Implementing module 'fir' 
INFO: [HLS 200-10] ----------------------------------------------------------------
INFO: [SCHED 204-11] Starting scheduling ...
INFO: [SCHED 204-61] Pipelining loop 'Loop 1'.
WARNING: [SCHED 204-68] The II Violation in module 'fir' (Loop: Loop 1): Unable to enforce a carried dependence constraint (II = 1, distance = 1, offset = 1)
   between 'store' operation ('0_write_ln35', fir.cpp:35) of variable 'x18_phi', fir.cpp:16 on array 'shift_reg' and 'store' operation ('0_write_ln35', fir.cpp:35) of variable 'x18_phi', fir.cpp:16 on array 'shift_reg'.
WARNING: [SCHED 204-68] The II Violation in module 'fir' (Loop: Loop 1): Unable to enforce a carried dependence constraint (II = 2, distance = 1, offset = 1)
   between 'store' operation ('0_write_ln35', fir.cpp:35) of variable 'x18_phi', fir.cpp:16 on array 'shift_reg' and 'store' operation ('0_write_ln35', fir.cpp:35) of variable 'x18_phi', fir.cpp:16 on array 'shift_reg'.
WARNING: [SCHED 204-68] The II Violation in module 'fir' (Loop: Loop 1): Unable to enforce a carried dependence constraint (II = 3, distance = 1, offset = 1)
   between 'store' operation ('0_write_ln35', fir.cpp:35) of variable 'x18_phi', fir.cpp:16 on array 'shift_reg' and 'store' operation ('0_write_ln35', fir.cpp:35) of variable 'x18_phi', fir.cpp:16 on array 'shift_reg'.
WARNING: [SCHED 204-68] The II Violation in module 'fir' (Loop: Loop 1): Unable to enforce a carried dependence constraint (II = 4, distance = 1, offset = 1)
   between 'store' operation ('0_write_ln35', fir.cpp:35) of variable 'x18_phi', fir.cpp:16 on array 'shift_reg' and 'store' operation ('0_write_ln35', fir.cpp:35) of variable 'x18_phi', fir.cpp:16 on array 'shift_reg'.
WARNING: [SCHED 204-68] The II Violation in module 'fir' (Loop: Loop 1): Unable to enforce a carried dependence constraint (II = 7, distance = 1, offset = 1)
   between 'store' operation ('0_write_ln35', fir.cpp:35) of variable 'x18_phi', fir.cpp:16 on array 'shift_reg' and 'store' operation ('0_write_ln35', fir.cpp:35) of variable 'x18_phi', fir.cpp:16 on array 'shift_reg'.
INFO: [SCHED 204-61] Pipelining result : Target II = 1, Final II = 8, Depth = 12.
INFO: [SCHED 204-11] Finished scheduling.
INFO: [HLS 200-111]  Elapsed time: 13.409 seconds; current allocated memory: 105.876 MB.
INFO: [BIND 205-100] Starting micro-architecture generation ...
INFO: [BIND 205-101] Performing variable lifetime analysis.
INFO: [BIND 205-101] Exploring resource sharing.
INFO: [BIND 205-101] Binding ...
INFO: [BIND 205-100] Finished micro-architecture generation.
INFO: [HLS 200-111]  Elapsed time: 0.375 seconds; current allocated memory: 107.678 MB.
INFO: [HLS 200-10] ----------------------------------------------------------------
INFO: [HLS 200-10] -- Generating RTL for module 'fir' 
INFO: [HLS 200-10] ----------------------------------------------------------------
INFO: [RTGEN 206-500] Setting interface mode on port 'fir/y' to 'ap_vld'.
INFO: [RTGEN 206-500] Setting interface mode on port 'fir/x' to 'ap_none'.
INFO: [RTGEN 206-500] Setting interface mode on function 'fir' to 'ap_ctrl_hs'.
INFO: [RTGEN 206-100] Finished creating RTL model for 'fir'.
INFO: [HLS 200-111]  Elapsed time: 0.589 seconds; current allocated memory: 110.488 MB.
INFO: [HLS 200-790] **** Loop Constraint Status: All loop constraints were NOT satisfied.
INFO: [HLS 200-789] **** Estimated Fmax: 115.05 MHz
INFO: [RTMG 210-278] Implementing memory 'fir_shift_reg_ram (RAM)' using block RAMs with power-on initialization.
INFO: [RTMG 210-279] Implementing memory 'fir_c_7_rom' using distributed ROMs.
INFO: [RTMG 210-279] Implementing memory 'fir_c_0_rom' using distributed ROMs.
INFO: [RTMG 210-279] Implementing memory 'fir_c_1_rom' using distributed ROMs.
INFO: [RTMG 210-279] Implementing memory 'fir_c_3_rom' using distributed ROMs.
INFO: [RTMG 210-279] Implementing memory 'fir_c_4_rom' using distributed ROMs.
INFO: [RTMG 210-279] Implementing memory 'fir_c_5_rom' using distributed ROMs.
INFO: [RTMG 210-279] Implementing memory 'fir_c_6_rom' using distributed ROMs.
INFO: [HLS 200-111] Finished generating all RTL models Time (s): cpu = 00:00:05 ; elapsed = 00:00:18 . Memory (MB): peak = 187.242 ; gain = 95.336
INFO: [VHDL 208-304] Generating VHDL RTL for fir.
INFO: [VLOG 209-307] Generating Verilog RTL for fir.
INFO: [HLS 200-112] Total elapsed time: 17.6 seconds; peak allocated memory: 110.488 MB.
