

================================================================
== Vitis HLS Report for 'fir'
================================================================
* Date:           Thu Oct 19 20:25:44 2023

* Version:        2023.1 (Build 3854077 on May  4 2023)
* Project:        fir128_loop_partition_opt
* Solution:       solution1 (Vivado IP Flow Target)
* Product family: zynq
* Target device:  xc7z020-clg400-1


================================================================
== Performance Estimates
================================================================
+ Timing: 
    * Summary: 
    +--------+----------+----------+------------+
    |  Clock |  Target  | Estimated| Uncertainty|
    +--------+----------+----------+------------+
    |ap_clk  |  10.00 ns|  6.912 ns|     2.70 ns|
    +--------+----------+----------+------------+

+ Latency: 
    * Summary: 
    +---------+---------+----------+----------+-----+-----+---------+
    |  Latency (cycles) |  Latency (absolute) |  Interval | Pipeline|
    |   min   |   max   |    min   |    max   | min | max |   Type  |
    +---------+---------+----------+----------+-----+-----+---------+
    |      896|      896|  8.960 us|  8.960 us|  897|  897|       no|
    +---------+---------+----------+----------+-----+-----+---------+

    + Detail: 
        * Instance: 
        N/A

        * Loop: 
        +----------+---------+---------+----------+-----------+-----------+------+----------+
        |          |  Latency (cycles) | Iteration|  Initiation Interval  | Trip |          |
        | Loop Name|   min   |   max   |  Latency |  achieved |   target  | Count| Pipelined|
        +----------+---------+---------+----------+-----------+-----------+------+----------+
        |- TDL     |      254|      254|         2|          -|          -|   127|        no|
        |- MAC     |      640|      640|         5|          -|          -|   128|        no|
        +----------+---------+---------+----------+-----------+-----------+------+----------+



================================================================
== Utilization Estimates
================================================================
* Summary: 
+-----------------+---------+-----+--------+-------+-----+
|       Name      | BRAM_18K| DSP |   FF   |  LUT  | URAM|
+-----------------+---------+-----+--------+-------+-----+
|DSP              |        -|    -|       -|      -|    -|
|Expression       |        -|    -|       0|     82|    -|
|FIFO             |        -|    -|       -|      -|    -|
|Instance         |        -|    2|     165|     50|    -|
|Memory           |        2|    -|       0|      0|    0|
|Multiplexer      |        -|    -|       -|    114|    -|
|Register         |        -|    -|     158|      -|    -|
+-----------------+---------+-----+--------+-------+-----+
|Total            |        2|    2|     323|    246|    0|
+-----------------+---------+-----+--------+-------+-----+
|Available        |      280|  220|  106400|  53200|    0|
+-----------------+---------+-----+--------+-------+-----+
|Utilization (%)  |       ~0|   ~0|      ~0|     ~0|    0|
+-----------------+---------+-----+--------+-------+-----+

+ Detail: 
    * Instance: 
    +----------------------+-------------------+---------+----+-----+----+-----+
    |       Instance       |       Module      | BRAM_18K| DSP|  FF | LUT| URAM|
    +----------------------+-------------------+---------+----+-----+----+-----+
    |mul_6s_32s_32_2_1_U1  |mul_6s_32s_32_2_1  |        0|   2|  165|  50|    0|
    +----------------------+-------------------+---------+----+-----+----+-----+
    |Total                 |                   |        0|   2|  165|  50|    0|
    +----------------------+-------------------+---------+----+-----+----+-----+

    * DSP: 
    N/A

    * Memory: 
    +-----------------+---------------------------+---------+---+----+-----+------+-----+------+-------------+
    |      Memory     |           Module          | BRAM_18K| FF| LUT| URAM| Words| Bits| Banks| W*Bits*Banks|
    +-----------------+---------------------------+---------+---+----+-----+------+-----+------+-------------+
    |fir_int_int_c_U  |fir_int_int_c_ROM_AUTO_1R  |        1|  0|   0|    0|   128|   32|     1|         4096|
    |shift_reg_U      |shift_reg_RAM_AUTO_1R1W    |        1|  0|   0|    0|   128|   32|     1|         4096|
    +-----------------+---------------------------+---------+---+----+-----+------+-----+------+-------------+
    |Total            |                           |        2|  0|   0|    0|   256|   64|     2|         8192|
    +-----------------+---------------------------+---------+---+----+-----+------+-----+------+-------------+

    * FIFO: 
    N/A

    * Expression: 
    +---------------------+----------+----+---+----+------------+------------+
    |    Variable Name    | Operation| DSP| FF| LUT| Bitwidth P0| Bitwidth P1|
    +---------------------+----------+----+---+----+------------+------------+
    |acc_1_fu_207_p2      |         +|   0|  0|  39|          32|          32|
    |add_ln30_fu_153_p2   |         +|   0|  0|  14|           7|           2|
    |add_ln39_fu_196_p2   |         +|   0|  0|  15|           8|           2|
    |icmp_ln30_fu_147_p2  |      icmp|   0|  0|  14|           7|           1|
    +---------------------+----------+----+---+----+------------+------------+
    |Total                |          |   0|  0|  82|          54|          37|
    +---------------------+----------+----+---+----+------------+------------+

    * Multiplexer: 
    +--------------------+----+-----------+-----+-----------+
    |        Name        | LUT| Input Size| Bits| Total Bits|
    +--------------------+----+-----------+-----+-----------+
    |acc_fu_62           |   9|          2|   32|         64|
    |ap_NS_fsm           |  48|          9|    1|          9|
    |i_1_fu_66           |   9|          2|    8|         16|
    |i_fu_58             |   9|          2|    7|         14|
    |shift_reg_address0  |  25|          5|    7|         35|
    |shift_reg_d0        |  14|          3|   32|         96|
    +--------------------+----+-----------+-----+-----------+
    |Total               | 114|         23|   87|        234|
    +--------------------+----+-----------+-----+-----------+

    * Register: 
    +----------------------------+----+----+-----+-----------+
    |            Name            | FF | LUT| Bits| Const Bits|
    +----------------------------+----+----+-----+-----------+
    |acc_fu_62                   |  32|   0|   32|          0|
    |ap_CS_fsm                   |   8|   0|    8|          0|
    |fir_int_int_c_load_reg_274  |  32|   0|   32|          0|
    |i_1_fu_66                   |   8|   0|    8|          0|
    |i_fu_58                     |   7|   0|    7|          0|
    |mul_ln41_reg_279            |  32|   0|   32|          0|
    |shift_reg_load_1_reg_269    |  32|   0|   32|          0|
    |zext_ln30_reg_229           |   7|   0|   64|         57|
    +----------------------------+----+----+-----+-----------+
    |Total                       | 158|   0|  215|         57|
    +----------------------------+----+----+-----+-----------+



================================================================
== Interface
================================================================
* Summary: 
+----------+-----+-----+------------+--------------+--------------+
| RTL Ports| Dir | Bits|  Protocol  | Source Object|    C Type    |
+----------+-----+-----+------------+--------------+--------------+
|ap_clk    |   in|    1|  ap_ctrl_hs|           fir|  return value|
|ap_rst    |   in|    1|  ap_ctrl_hs|           fir|  return value|
|ap_start  |   in|    1|  ap_ctrl_hs|           fir|  return value|
|ap_done   |  out|    1|  ap_ctrl_hs|           fir|  return value|
|ap_idle   |  out|    1|  ap_ctrl_hs|           fir|  return value|
|ap_ready  |  out|    1|  ap_ctrl_hs|           fir|  return value|
|y         |  out|   32|      ap_vld|             y|       pointer|
|y_ap_vld  |  out|    1|      ap_vld|             y|       pointer|
|x         |   in|   32|     ap_none|             x|        scalar|
+----------+-----+-----+------------+--------------+--------------+

